<testsuite errors="0" timestamp="2023-09-23T20:23:48.341025" host="localhost" tests="8" skipped="0" failures="0" time="0.197177"><testcase classname="tests.cnd_cr_object_spec" name="CrObject __init__ it should set _print" file="tests/cnd_cr_object_spec.py" time="0.000074" /><testcase classname="tests.cnd_cr_object_spec" name="CrObject create it should return True is create success" file="tests/cnd_cr_object_spec.py" time="0.000036" /><testcase classname="tests.cnd_cr_object_spec" name="CrObject all it should all object" file="tests/cnd_cr_object_spec.py" time="0.000054" /><testcase classname="tests.cnd_cr_object_spec" name="CrObject find_by_id it should find_by_id object" file="tests/cnd_cr_object_spec.py" time="0.000036" /><testcase classname="tests.cnd_cr_object_spec" name="CrObject update it should update object" file="tests/cnd_cr_object_spec.py" time="0.000035" /><testcase classname="tests.cnd_cr_object_spec" name="CrObject destroy it should destroy object if object is found" file="tests/cnd_cr_object_spec.py" time="0.000033" /><testcase classname="tests.cnd_cr_object_spec" name="CrObject has_children it should return has_children object" file="tests/cnd_cr_object_spec.py" time="0.000033" /><testcase classname="tests.cnd_cr_object_spec" name="CrObject find_relation it should return find_relation object" file="tests/cnd_cr_object_spec.py" time="0.000033" /></testsuite>