<?xml version="1.0" encoding="UTF-8"?>
<testsuites name="jest tests" tests="1" failures="0" errors="0" time="28.022">
  <testsuite name="notebookvisu" errors="0" failures="0" skipped="0" timestamp="2023-07-04T10:59:46" time="14.88" tests="1">
    <testcase classname="notebookvisu should be tested" name="notebookvisu should be tested" time="0.008">
    </testcase>
  </testsuite>
</testsuites>