[91m23/09/2023 20:29:48#|#Error with status code: 500[0m
[94m>> #|#23/09/2023 20:29:48#|#Update Organization[0m
[94m>> #|#23/09/2023 20:29:48#|#Create Organization[0m
[94m>> #|#23/09/2023 20:29:48#|#Find_id Organization: Org_name[0m
[94m>> #|#23/09/2023 20:29:48#|#find_all Organization[0m
[94m>> #|#23/09/2023 20:29:48#|#find_all Organization[0m
[94m>> #|#23/09/2023 20:29:48#|#Execute Workflow[0m
[94m>> #|#23/09/2023 20:29:48#|#Wait Workflow[0m
[94m>> #|#23/09/2023 20:29:48#|#Wait Workflow[0m
[94m>> #|#23/09/2023 20:29:48#|#Wait Workflow[0m
<testsuite errors="0" timestamp="2023-09-23T20:29:47.658779" host="localhost" tests="35" skipped="0" failures="0" time="1.037489"><testcase classname="tests.base_spec" name="Base __init__ it shoud set the host, username and password" file="tests/base_spec.py" time="0.000096" /><testcase classname="tests.base_spec" name="Base connect it shoud return the 'me' information" file="tests/base_spec.py" time="0.020268" /><testcase classname="tests.base_spec" name="Base _query it shoud raise an error if method is not correct" file="tests/base_spec.py" time="0.000087" /><testcase classname="tests.base_spec" name="Base _query it shoud raise an error if method is not correct" file="tests/base_spec.py" time="0.000681" /><testcase classname="tests.base_spec" name="Base destroy it shoud return True after destroy item" file="tests/base_spec.py" time="0.004871" /><testcase classname="tests.base_spec" name="Base destroy it shoud return False after destroy item failed" file="tests/base_spec.py" time="0.004874" /><testcase classname="tests.base_spec" name="Base _update it shoud return organization id" file="tests/base_spec.py" time="0.040603" /><testcase classname="tests.base_spec" name="Base _create it shoud return organization id" file="tests/base_spec.py" time="0.041083" /><testcase classname="tests.base_spec" name="Base find_id it shoud return organization id" file="tests/base_spec.py" time="0.043759" /><testcase classname="tests.base_spec" name="Base find_all it shoud return multiple" file="tests/base_spec.py" time="0.126577" /><testcase classname="tests.base_spec" name="Base create_or_update it shoud create if find return none" file="tests/base_spec.py" time="0.000783" /><testcase classname="tests.base_spec" name="Base create_or_update it shoud update if find return an id" file="tests/base_spec.py" time="0.000604" /><testcase classname="tests.cnd_app_spec" name="CndApp __init__ it shoud set the host, username and password" file="tests/cnd_app_spec.py" time="0.000461" /><testcase classname="tests.group_spec" name="CndApp __init__ it shoud get an instance" file="tests/group_spec.py" time="0.000300" /><testcase classname="tests.group_spec" name="CndApp data it shoud support the right field" file="tests/group_spec.py" time="0.000240" /><testcase classname="tests.host_spec" name="CndApp __init__ it shoud get an instance" file="tests/host_spec.py" time="0.000303" /><testcase classname="tests.host_spec" name="CndApp data it shoud support the right field" file="tests/host_spec.py" time="0.000260" /><testcase classname="tests.inventory_spec" name="CndApp __init__ it shoud get an instance" file="tests/inventory_spec.py" time="0.000310" /><testcase classname="tests.inventory_spec" name="CndApp data it shoud support the right field" file="tests/inventory_spec.py" time="0.000265" /><testcase classname="tests.organization_spec" name="Organization __init__ it shoud get an instance" file="tests/organization_spec.py" time="0.000421" /><testcase classname="tests.organization_spec" name="Organization data it shoud return data" file="tests/organization_spec.py" time="0.000263" /><testcase classname="tests.organization_spec" name="Organization _update it shoud return organization id" file="tests/organization_spec.py" time="0.041717" /><testcase classname="tests.organization_spec" name="Organization _create it shoud return organization id" file="tests/organization_spec.py" time="0.040057" /><testcase classname="tests.organization_spec" name="Organization find_id it shoud return organization id" file="tests/organization_spec.py" time="0.045567" /><testcase classname="tests.organization_spec" name="Organization find_all it shoud return multiple" file="tests/organization_spec.py" time="0.127412" /><testcase classname="tests.team_spec" name="Team __init__ it shoud get an instance" file="tests/team_spec.py" time="0.000348" /><testcase classname="tests.team_spec" name="Team data it shoud support the right field" file="tests/team_spec.py" time="0.000254" /><testcase classname="tests.workflow_spec" name="CndApp __init__ it shoud get an instance" file="tests/workflow_spec.py" time="0.000312" /><testcase classname="tests.workflow_spec" name="CndApp data it shoud support the right field" file="tests/workflow_spec.py" time="0.000252" /><testcase classname="tests.workflow_spec" name="CndApp _execute it shoud return id of the workflow_job" file="tests/workflow_spec.py" time="0.026454" /><testcase classname="tests.workflow_spec" name="CndApp _wait it shoud False on failed" file="tests/workflow_spec.py" time="0.003538" /><testcase classname="tests.workflow_spec" name="CndApp _wait it shoud True on success" file="tests/workflow_spec.py" time="0.003152" /><testcase classname="tests.workflow_spec" name="CndApp _wait it shoud None if time is over" file="tests/workflow_spec.py" time="0.010827" /><testcase classname="tests.workflow_spec" name="CndApp execute_and_wait it shoud execute and wait and return True if success" file="tests/workflow_spec.py" time="0.000840" /><testcase classname="tests.workflow_spec" name="CndApp execute_and_wait it shoud execute and wait and return False if failed" file="tests/workflow_spec.py" time="0.000710" /></testsuite>