<testsuite errors="0" timestamp="2023-09-23T20:35:07.184011" host="localhost" tests="8" skipped="0" failures="0" time="0.232412"><testcase classname="tests.cnd_cr_object_spec" name="CrObject __init__ it should set _print" file="tests/cnd_cr_object_spec.py" time="0.000080" /><testcase classname="tests.cnd_cr_object_spec" name="CrObject create it should return True is create success" file="tests/cnd_cr_object_spec.py" time="0.000036" /><testcase classname="tests.cnd_cr_object_spec" name="CrObject all it should all object" file="tests/cnd_cr_object_spec.py" time="0.000055" /><testcase classname="tests.cnd_cr_object_spec" name="CrObject find_by_id it should find_by_id object" file="tests/cnd_cr_object_spec.py" time="0.000037" /><testcase classname="tests.cnd_cr_object_spec" name="CrObject update it should update object" file="tests/cnd_cr_object_spec.py" time="0.000032" /><testcase classname="tests.cnd_cr_object_spec" name="CrObject destroy it should destroy object if object is found" file="tests/cnd_cr_object_spec.py" time="0.000031" /><testcase classname="tests.cnd_cr_object_spec" name="CrObject has_children it should return has_children object" file="tests/cnd_cr_object_spec.py" time="0.000032" /><testcase classname="tests.cnd_cr_object_spec" name="CrObject find_relation it should return find_relation object" file="tests/cnd_cr_object_spec.py" time="0.000036" /></testsuite>